---- AspectJ Properties ---
AspectJ Compiler 1.9.22.1 built on Friday May 10, 2024 at 23:23:16 PDT
---- Dump Properties ---
Dump file: ajcore.20250626.132712.203.txt
Dump reason: org.aspectj.weaver.BCException
Dump on exception: true
Dump at exit condition: abort
---- Exception Information ---
org.aspectj.weaver.BCException: Error processing class file
when weaving type com.pages.ProductsPage
when weaving classes 
when weaving 

	at org.aspectj.weaver.bcel.LazyClassGen.getJavaClassBytesIncludingReweavable(LazyClassGen.java:769)
	at org.aspectj.weaver.bcel.BcelWeaver.getClassFilesFor(BcelWeaver.java:1456)
	at org.aspectj.weaver.bcel.BcelWeaver.weaveAndNotify(BcelWeaver.java:1418)
	at org.aspectj.weaver.bcel.BcelWeaver.weave(BcelWeaver.java:1189)
	at org.aspectj.weaver.tools.WeavingAdaptor.getWovenBytes(WeavingAdaptor.java:574)
	at org.aspectj.weaver.tools.WeavingAdaptor.weaveClass(WeavingAdaptor.java:398)
	at org.aspectj.weaver.loadtime.Aj.preProcess(Aj.java:122)
	at org.aspectj.weaver.loadtime.ClassPreProcessorAgentAdapter.transform(ClassPreProcessorAgentAdapter.java:51)
	at java.instrument/java.lang.instrument.ClassFileTransformer.transform(ClassFileTransformer.java:242)
	at java.instrument/sun.instrument.TransformerManager.transform(TransformerManager.java:188)
	at java.instrument/sun.instrument.InstrumentationImpl.transform(InstrumentationImpl.java:610)
	at java.base/java.lang.ClassLoader.defineClass1(Native Method)
	at java.base/java.lang.ClassLoader.defineClass(ClassLoader.java:1026)
	at java.base/java.security.SecureClassLoader.defineClass(SecureClassLoader.java:150)
	at java.base/jdk.internal.loader.BuiltinClassLoader.defineClass(BuiltinClassLoader.java:862)
	at java.base/jdk.internal.loader.BuiltinClassLoader.findClassOnClassPathOrNull(BuiltinClassLoader.java:760)
	at java.base/jdk.internal.loader.BuiltinClassLoader.loadClassOrNull(BuiltinClassLoader.java:681)
	at java.base/jdk.internal.loader.BuiltinClassLoader.loadClass(BuiltinClassLoader.java:639)
	at java.base/jdk.internal.loader.ClassLoaders$AppClassLoader.loadClass(ClassLoaders.java:188)
	at java.base/java.lang.ClassLoader.loadClass(ClassLoader.java:528)
	at java.base/java.lang.Class.forName0(Native Method)
	at java.base/java.lang.Class.forName(Class.java:578)
	at java.base/java.lang.Class.forName(Class.java:557)
	at org.gradle.api.internal.tasks.testing.junitplatform.JUnitPlatformTestClassProcessor.loadClass(JUnitPlatformTestClassProcessor.java:173)
	at org.gradle.api.internal.tasks.testing.junitplatform.JUnitPlatformTestClassProcessor.access$100(JUnitPlatformTestClassProcessor.java:62)
	at org.gradle.api.internal.tasks.testing.junitplatform.JUnitPlatformTestClassProcessor$CollectAllTestClassesExecutor.execute(JUnitPlatformTestClassProcessor.java:109)
	at org.gradle.api.internal.tasks.testing.junitplatform.JUnitPlatformTestClassProcessor$CollectAllTestClassesExecutor.execute(JUnitPlatformTestClassProcessor.java:99)
	at org.gradle.api.internal.tasks.testing.junit.AbstractJUnitTestClassProcessor.processTestClass(AbstractJUnitTestClassProcessor.java:54)
	at org.gradle.api.internal.tasks.testing.SuiteTestClassProcessor.processTestClass(SuiteTestClassProcessor.java:53)
	at java.base/jdk.internal.reflect.DirectMethodHandleAccessor.invoke(DirectMethodHandleAccessor.java:103)
	at java.base/java.lang.reflect.Method.invoke(Method.java:580)
	at org.gradle.internal.dispatch.ReflectionDispatch.dispatch(ReflectionDispatch.java:36)
	at org.gradle.internal.dispatch.ReflectionDispatch.dispatch(ReflectionDispatch.java:24)
	at org.gradle.internal.dispatch.ContextClassLoaderDispatch.dispatch(ContextClassLoaderDispatch.java:33)
	at org.gradle.internal.dispatch.ProxyDispatchAdapter$DispatchingInvocationHandler.invoke(ProxyDispatchAdapter.java:92)
	at jdk.proxy1/jdk.proxy1.$Proxy4.processTestClass(Unknown Source)
	at org.gradle.api.internal.tasks.testing.worker.TestWorker$2.run(TestWorker.java:183)
	at org.gradle.api.internal.tasks.testing.worker.TestWorker.executeAndMaintainThreadName(TestWorker.java:132)
	at org.gradle.api.internal.tasks.testing.worker.TestWorker.execute(TestWorker.java:103)
	at org.gradle.api.internal.tasks.testing.worker.TestWorker.execute(TestWorker.java:63)
	at org.gradle.process.internal.worker.child.ActionExecutionWorker.execute(ActionExecutionWorker.java:56)
	at org.gradle.process.internal.worker.child.SystemApplicationClassLoaderWorker.call(SystemApplicationClassLoaderWorker.java:121)
	at org.gradle.process.internal.worker.child.SystemApplicationClassLoaderWorker.call(SystemApplicationClassLoaderWorker.java:71)
	at worker.org.gradle.process.internal.worker.GradleWorkerMain.run(GradleWorkerMain.java:69)
	at worker.org.gradle.process.internal.worker.GradleWorkerMain.main(GradleWorkerMain.java:74)
Caused by: java.lang.IllegalArgumentException: Unsupported class file major version 67
	at aj.org.objectweb.asm.ClassReader.<init>(ClassReader.java:200)
	at aj.org.objectweb.asm.ClassReader.<init>(ClassReader.java:180)
	at aj.org.objectweb.asm.ClassReader.<init>(ClassReader.java:166)
	at org.aspectj.weaver.bcel.asm.StackMapAdder.addStackMaps(StackMapAdder.java:42)
	at org.aspectj.weaver.bcel.LazyClassGen.getJavaClassBytesIncludingReweavable(LazyClassGen.java:771)
	... 44 more
---- System Properties ---
java.specification.version=23
sun.jnu.encoding=UTF-8
org.gradle.test.worker=1
java.class.path=/Users/yurisdev/.gradle/caches/8.10/workerMain/gradle-worker.jar:/Users/yurisdev/Projects/QA/pw-java-arch/pw-java-arch/build/classes/java/test:/Users/yurisdev/Projects/QA/pw-java-arch/pw-java-arch/build/resources/test:/Users/yurisdev/.gradle/caches/modules-2/files-2.1/org.junit.jupiter/junit-jupiter/5.10.3/6686d8fbf251f9bf8ecba413cab57b9e00f9134d/junit-jupiter-5.10.3.jar:/Users/yurisdev/.gradle/caches/modules-2/files-2.1/org.junit.platform/junit-platform-launcher/1.10.3/2e07e6389624f3e93fb2e87aec2fdc30cc84b069/junit-platform-launcher-1.10.3.jar:/Users/yurisdev/.gradle/caches/modules-2/files-2.1/org.junit.jupiter/junit-jupiter-params/5.10.3/4852f4e4af9074d9214213b199751f99efeab8b9/junit-jupiter-params-5.10.3.jar:/Users/yurisdev/.gradle/caches/modules-2/files-2.1/org.junit.jupiter/junit-jupiter-engine/5.10.3/48c14e866bb1a87ca35d24ff068463bb202ada24/junit-jupiter-engine-5.10.3.jar:/Users/yurisdev/.gradle/caches/modules-2/files-2.1/org.junit.platform/junit-platform-engine/1.10.3/365a320c3cfd47f3346625e541e424e35dc75c42/junit-platform-engine-1.10.3.jar:/Users/yurisdev/.gradle/caches/modules-2/files-2.1/org.junit.platform/junit-platform-commons/1.10.3/a353d42a2f13343a7cb80c5228ae66ff64495481/junit-platform-commons-1.10.3.jar:/Users/yurisdev/.gradle/caches/modules-2/files-2.1/org.junit.jupiter/junit-jupiter-api/5.10.3/a22aa91d1d6c69b2020a9aeb6d095ea81132bfa5/junit-jupiter-api-5.10.3.jar:/Users/yurisdev/.gradle/caches/modules-2/files-2.1/io.qameta.allure/allure-junit5/2.28.0/b48e0d6362e6e50d21560456001dece22e4ddb6a/allure-junit5-2.28.0.jar:/Users/yurisdev/.gradle/caches/modules-2/files-2.1/io.qameta.allure/allure-junit-platform/2.28.0/7cea0e09a13a83ebcd3389555dffe77065e3088c/allure-junit-platform-2.28.0.jar:/Users/yurisdev/.gradle/caches/modules-2/files-2.1/com.microsoft.playwright/playwright/1.48.0/d9f4ac86a1e71b0c9e176fffa7fc36f49ada5b93/playwright-1.48.0.jar:/Users/yurisdev/.gradle/caches/modules-2/files-2.1/com.github.automatedowl/allure-environment-writer/1.0.0/cd624465bd7b5f9b63cf1a0d18ee6b8b1c1fb851/allure-environment-writer-1.0.0.jar:/Users/yurisdev/.gradle/caches/modules-2/files-2.1/org.aeonbits.owner/owner/1.0.12/c6ee88593294674c8c8ccdbd855db3f5396a4d19/owner-1.0.12.jar:/Users/yurisdev/.gradle/caches/modules-2/files-2.1/org.testng/testng/6.14.3/d24515dc253e77e54b73df97e1fb2eb7faf34fdd/testng-6.14.3.jar:/Users/yurisdev/.gradle/caches/modules-2/files-2.1/io.qameta.allure/allure-testng/2.28.0/a6f26209c06971f6f9f62b4c20fa87efda643344/allure-testng-2.28.0.jar:/Users/yurisdev/.gradle/caches/modules-2/files-2.1/io.qameta.allure/allure-test-filter/2.28.0/5803831e06980933172e26cf79000c19735e67da/allure-test-filter-2.28.0.jar:/Users/yurisdev/.gradle/caches/modules-2/files-2.1/io.qameta.allure/allure-java-commons/2.28.0/25b916f0b34d451bd74e4eaf3d7a55fd90265d95/allure-java-commons-2.28.0.jar:/Users/yurisdev/.gradle/caches/modules-2/files-2.1/com.google.code.gson/gson/2.11.0/527175ca6d81050b53bdd4c457a6d6e017626b0e/gson-2.11.0.jar:/Users/yurisdev/.gradle/caches/modules-2/files-2.1/org.opentest4j/opentest4j/1.3.0/152ea56b3a72f655d4fd677fc0ef2596c3dd5e6e/opentest4j-1.3.0.jar:/Users/yurisdev/.gradle/caches/modules-2/files-2.1/com.microsoft.playwright/driver-bundle/1.48.0/5f93e44d23eecae5b2a07e5b881b1fd8da4a4331/driver-bundle-1.48.0.jar:/Users/yurisdev/.gradle/caches/modules-2/files-2.1/com.microsoft.playwright/driver/1.48.0/2a581abc9cfdf0e3e4ff98a082219760d41e9cea/driver-1.48.0.jar:/Users/yurisdev/.gradle/caches/modules-2/files-2.1/com.google.guava/guava/27.0-jre/c6ad87d2575af8ac8ec38e28e75aefa882cc3a1f/guava-27.0-jre.jar:/Users/yurisdev/.gradle/caches/modules-2/files-2.1/org.slf4j/slf4j-api/2.0.13/80229737f704b121a318bba5d5deacbcf395bc77/slf4j-api-2.0.13.jar:/Users/yurisdev/.gradle/caches/modules-2/files-2.1/io.qameta.allure/allure-model/2.28.0/e3ba5b9bb7bded1fc15b7a988bd2a9d1f76f04d0/allure-model-2.28.0.jar:/Users/yurisdev/.gradle/caches/modules-2/files-2.1/com.google.errorprone/error_prone_annotations/2.27.0/91b2c29d8a6148b5e2e4930f070d4840e2e48e34/error_prone_annotations-2.27.0.jar:/Users/yurisdev/.gradle/caches/modules-2/files-2.1/com.beust/jcommander/1.72/6375e521c1e11d6563d4f25a07ce124ccf8cd171/jcommander-1.72.jar:/Users/yurisdev/.gradle/caches/modules-2/files-2.1/org.apache-extras.beanshell/bsh/2.0b6/fb418f9b33a0b951e9a2978b4b6ee93b2707e72f/bsh-2.0b6.jar:/Users/yurisdev/.gradle/caches/modules-2/files-2.1/com.google.guava/failureaccess/1.0/50bacb0bdbbeeda25142aff57e2214c402e1193c/failureaccess-1.0.jar:/Users/yurisdev/.gradle/caches/modules-2/files-2.1/com.google.guava/listenablefuture/9999.0-empty-to-avoid-conflict-with-guava/b421526c5f297295adef1c886e5246c39d4ac629/listenablefuture-9999.0-empty-to-avoid-conflict-with-guava.jar:/Users/yurisdev/.gradle/caches/modules-2/files-2.1/com.google.code.findbugs/jsr305/3.0.2/25ea2e8b0c338a877313bd4672d3fe056ea78f0d/jsr305-3.0.2.jar:/Users/yurisdev/.gradle/caches/modules-2/files-2.1/org.checkerframework/checker-qual/2.5.2/cea74543d5904a30861a61b4643a5f2bb372efc4/checker-qual-2.5.2.jar:/Users/yurisdev/.gradle/caches/modules-2/files-2.1/com.google.j2objc/j2objc-annotations/1.1/ed28ded51a8b1c6b112568def5f4b455e6809019/j2objc-annotations-1.1.jar:/Users/yurisdev/.gradle/caches/modules-2/files-2.1/org.codehaus.mojo/animal-sniffer-annotations/1.17/f97ce6decaea32b36101e37979f8b647f00681fb/animal-sniffer-annotations-1.17.jar
java.vm.vendor=Homebrew
sun.arch.data.model=64
user.variant=
java.vendor.url=https://github.com/Homebrew/homebrew-core/issues
user.timezone=America/Toronto
java.vm.specification.version=23
os.name=Mac OS X
user.country=CA
sun.java.launcher=SUN_STANDARD
sun.boot.library.path=/opt/homebrew/Cellar/openjdk/23.0.2/libexec/openjdk.jdk/Contents/Home/lib
sun.java.command=worker.org.gradle.process.internal.worker.GradleWorkerMain 'Gradle Test Executor 1'
http.nonProxyHosts=local|*.local|169.254/16|*.169.254/16
jdk.debug=release
allure.results.directory=/Users/yurisdev/Projects/QA/pw-java-arch/pw-java-arch/build/allure-results
sun.cpu.endian=little
user.home=/Users/yurisdev
user.language=en
java.specification.vendor=Oracle Corporation
java.version.date=2025-01-21
java.home=/opt/homebrew/Cellar/openjdk/23.0.2/libexec/openjdk.jdk/Contents/Home
file.separator=/
java.vm.compressedOopsMode=Zero based
line.separator=

java.vm.specification.vendor=Oracle Corporation
java.specification.name=Java Platform API Specification
apple.awt.application.name=GradleWorkerMain
sun.management.compiler=HotSpot 64-Bit Tiered Compilers
ftp.nonProxyHosts=local|*.local|169.254/16|*.169.254/16
java.runtime.version=23.0.2
user.name=yurisdev
stdout.encoding=UTF-8
path.separator=:
os.version=15.5
java.runtime.name=OpenJDK Runtime Environment
file.encoding=UTF-8
java.vm.name=OpenJDK 64-Bit Server VM
java.vendor.version=Homebrew
java.vendor.url.bug=https://github.com/Homebrew/homebrew-core/issues
java.io.tmpdir=/var/folders/nq/zkpc7r557yqd5b21fw5p9q_c0000gn/T/
java.version=23.0.2
user.dir=/Users/yurisdev/Projects/QA/pw-java-arch/pw-java-arch
os.arch=aarch64
java.vm.specification.name=Java Virtual Machine Specification
org.gradle.internal.worker.tmpdir=/Users/yurisdev/Projects/QA/pw-java-arch/pw-java-arch/build/tmp/test/work
native.encoding=UTF-8
java.library.path=/Users/yurisdev/Library/Java/Extensions:/Library/Java/Extensions:/Network/Library/Java/Extensions:/System/Library/Java/Extensions:/usr/lib/java:.
junit.jupiter.extensions.autodetection.enabled=true
java.vm.info=mixed mode, sharing
stderr.encoding=UTF-8
java.vendor=Homebrew
java.vm.version=23.0.2
sun.io.unicode.encoding=UnicodeBig
socksNonProxyHosts=local|*.local|169.254/16|*.169.254/16
java.class.version=67.0
---- Command Line ---
Empty
---- Full Classpath ---
Empty
---- Compiler Messages ---
Empty
